2014-11-28T04:12:29.777Z - info: NodeGrid:app/ NodeGrid app started. Listen on port: 3000
2014-11-28T04:14:00.301Z - info: NodeGrid:app/ NodeGrid app started. Listen on port: 3000
2014-11-28T04:14:00.302Z - info: NodeGrid:util/createLoggerDir - Logs dir is exists
2014-11-28T04:14:41.294Z - info: ================================================================================================
2014-11-28T04:14:41.294Z - info: NodeGrid:system_end_points/createSystemEndPoints - [GET/system/status]
2014-11-28T04:14:41.294Z - info: NodeGrid:system_services/getSystemStatus - Get current system status
2014-11-28T04:14:41.492Z - info: ================================================================================================
2014-11-28T04:14:41.492Z - info: NodeGrid:token_master/validateAccessToken - No valid token records from given token
2014-11-28T04:14:41.492Z - info: NodeGrid:util/sendResponse - [404] error response sent
2014-11-28T04:15:25.593Z - info: ================================================================================================
2014-11-28T04:15:25.593Z - info: NodeGrid:system_end_points/createSystemEndPoints - [GET/system/status]
2014-11-28T04:15:25.593Z - info: NodeGrid:system_services/getSystemStatus - Get current system status
2014-11-28T04:16:16.394Z - info: ================================================================================================
2014-11-28T04:16:16.394Z - info: NodeGrid:token_master/validateAccessToken - No valid token records from given token
2014-11-28T04:16:16.394Z - info: NodeGrid:util/sendResponse - [404] error response sent
2014-11-28T04:17:52.119Z - info: NodeGrid:app/ NodeGrid app started. Listen on port: 3000
2014-11-28T04:17:52.121Z - info: NodeGrid:util/createLoggerDir - Logs dir is exists
2014-11-28T04:21:21.151Z - info: NodeGrid:app/ NodeGrid app started. Listen on port: 3000
2014-11-28T04:21:21.153Z - info: NodeGrid:util/createLoggerDir - Logs dir is exists
2014-11-28T04:22:27.571Z - info: NodeGrid:app/ NodeGrid app started. Listen on port: 3000
2014-11-28T04:22:27.572Z - info: NodeGrid:util/createLoggerDir - Logs dir is exists
2014-11-28T04:22:31.034Z - info: ================================================================================================
2014-11-28T04:22:31.034Z - info: NodeGrid:token_master/validateAccessToken - No valid token records from given token
2014-11-28T04:22:31.035Z - info: NodeGrid:util/sendResponse - [404] error response sent
2014-11-28T04:25:52.566Z - info: NodeGrid:app/ NodeGrid app started. Listen on port: 3000
2014-11-28T04:25:52.568Z - info: NodeGrid:util/createLoggerDir - Logs dir is exists
2014-11-28T04:25:56.025Z - info: NodeGrid:query_end_points/createQueryEndPoints - [GET/app/:modelName]
2014-11-28T04:25:56.026Z - info: NodeGrid:query_services/ Querying attempt data from given model (collection)
2014-11-28T04:25:56.040Z - info: NodeGrid:query_db_callings/getAllFromDB - [cars] data successfully retrieved
2014-11-28T04:25:56.040Z - info: NodeGrid:util/sendResponse - [200] success response sent
2014-11-28T04:26:40.576Z - info: NodeGrid:app/ NodeGrid app started. Listen on port: 3000
2014-11-28T04:26:40.577Z - info: NodeGrid:util/createLoggerDir - Logs dir is exists
2014-11-28T04:29:02.453Z - info: NodeGrid:app/ NodeGrid app started. Listen on port: 3000
2014-11-28T04:29:02.455Z - info: NodeGrid:util/createLoggerDir - Logs dir is exists
2014-11-28T04:32:27.260Z - info: NodeGrid:app/ NodeGrid app started. Listen on port: 3000
2014-11-28T04:32:27.261Z - info: NodeGrid:util/createLoggerDir - Logs dir is exists
2014-11-28T04:34:46.494Z - info: NodeGrid:app/ NodeGrid app started. Listen on port: 3000
2014-11-28T04:34:46.496Z - info: NodeGrid:util/createLoggerDir - Logs dir is exists
2014-11-28T04:36:24.524Z - info: NodeGrid:app/ NodeGrid app started. Listen on port: 3000
2014-11-28T04:36:24.525Z - info: NodeGrid:util/createLoggerDir - Logs dir is exists
2014-11-28T04:36:27.512Z - info: NodeGrid:query_end_points/createQueryEndPoints - [GET/app/:modelName]
2014-11-28T04:36:27.512Z - info: NodeGrid:query_services/ Querying attempt data from given model (collection)
2014-11-28T04:36:27.520Z - info: NodeGrid:query_db_callings/getAllFromDB - [cars] data successfully retrieved
2014-11-28T04:36:27.520Z - info: NodeGrid:util/sendResponse - [200] success response sent
2014-11-28T04:48:33.410Z - info: NodeGrid:app/ NodeGrid app started. Listen on port: 3000
2014-11-28T04:48:33.412Z - info: NodeGrid:util/createLoggerDir - Logs dir is exists
2014-11-28T04:48:47.670Z - info: ================================================================================================
2014-11-28T04:48:47.670Z - info: NodeGrid:system_end_points/createSystemEndPoints - [GET/system/collections]
2014-11-28T04:48:47.670Z - info: NodeGrid:system_services/handleGetCollections - Get current system collection list
2014-11-28T04:53:52.421Z - info: NodeGrid:app/ NodeGrid app started. Listen on port: 3000
2014-11-28T04:53:52.422Z - info: NodeGrid:util/createLoggerDir - Logs dir is exists
2014-11-28T04:53:58.965Z - info: ================================================================================================
2014-11-28T04:53:58.965Z - info: NodeGrid:system_end_points/createSystemEndPoints - [GET/system/collections]
2014-11-28T04:53:58.966Z - info: NodeGrid:system_services/handleGetCollections - Get current system collection list
2014-11-28T04:55:32.656Z - info: NodeGrid:store_end_points/createStoreEndPoints - [POST/app/:modelName]
2014-11-28T04:55:32.657Z - info: NodeGrid:store_services/ Adding attempt a new model (collection) with data
2014-11-28T04:55:33.832Z - info: NodeGrid:store_db_callings/saveModelOrEntityToDb - New model added successfully. OBJECT: {"__v":0,"data":{"{\"name\":\"pahan\"}":""},"_id":"547800444f4e92be91b0e115"}
2014-11-28T04:55:33.833Z - info: NodeGrid:util/sendResponse - [200] success response sent
2014-11-28T04:55:38.064Z - info: ================================================================================================
2014-11-28T04:55:38.064Z - info: NodeGrid:system_end_points/createSystemEndPoints - [GET/system/collections]
2014-11-28T04:55:38.064Z - info: NodeGrid:system_services/handleGetCollections - Get current system collection list
2014-11-28T04:56:13.152Z - info: NodeGrid:store_end_points/createStoreEndPoints - [POST/app/:modelName]
2014-11-28T04:56:13.152Z - info: NodeGrid:store_services/ Adding attempt a new model (collection) with data
2014-11-28T04:56:13.230Z - info: NodeGrid:store_db_callings/saveModelOrEntityToDb - New model added successfully. OBJECT: {"__v":0,"data":{"{\"name\":\"pahan\"}":""},"_id":"5478006d4f4e92be91b0e116"}
2014-11-28T04:56:13.231Z - info: NodeGrid:util/sendResponse - [200] success response sent
2014-11-28T04:56:16.863Z - info: ================================================================================================
2014-11-28T04:56:16.863Z - info: NodeGrid:system_end_points/createSystemEndPoints - [GET/system/collections]
2014-11-28T04:56:16.863Z - info: NodeGrid:system_services/handleGetCollections - Get current system collection list
2014-11-28T05:01:13.256Z - info: NodeGrid:app/ NodeGrid app started. Listen on port: 3000
2014-11-28T05:01:13.257Z - info: NodeGrid:util/createLoggerDir - Logs dir is exists
2014-11-28T05:01:16.571Z - info: ================================================================================================
2014-11-28T05:01:16.571Z - info: NodeGrid:system_end_points/createSystemEndPoints - [GET/system/collections]
2014-11-28T05:01:16.571Z - info: NodeGrid:system_services/handleGetCollections - Get current system collection list
2014-11-28T05:09:43.812Z - info: NodeGrid:store_end_points/createStoreEndPoints - [POST/app/:modelName]
2014-11-28T05:09:43.812Z - info: NodeGrid:store_services/ Adding attempt a new model (collection) with data
2014-11-28T05:09:43.824Z - info: NodeGrid:store_db_callings/saveModelOrEntityToDb - New model added successfully. OBJECT: {"__v":0,"data":{"{\"name\":\"pahan\"}":""},"_id":"54780397d96f462693905132"}
2014-11-28T05:09:43.825Z - info: NodeGrid:util/sendResponse - [200] success response sent
2014-11-28T05:09:47.449Z - info: ================================================================================================
2014-11-28T05:09:47.449Z - info: NodeGrid:system_end_points/createSystemEndPoints - [GET/system/collections]
2014-11-28T05:09:47.449Z - info: NodeGrid:system_services/handleGetCollections - Get current system collection list
2014-11-28T05:09:57.892Z - info: NodeGrid:query_end_points/createQueryEndPoints - [GET/app/:modelName]
2014-11-28T05:09:57.892Z - info: NodeGrid:query_services/ Querying attempt data from given model (collection)
2014-11-28T05:09:57.897Z - info: NodeGrid:query_db_callings/getAllFromDB - [books] data successfully retrieved
2014-11-28T05:09:57.898Z - info: NodeGrid:util/sendResponse - [200] success response sent
2014-11-28T05:10:06.762Z - info: ================================================================================================
2014-11-28T05:10:06.762Z - info: NodeGrid:system_end_points/createSystemEndPoints - [GET/system/collections]
2014-11-28T05:10:06.762Z - info: NodeGrid:system_services/handleGetCollections - Get current system collection list
2014-11-28T05:31:41.862Z - info: NodeGrid:app/ NodeGrid app started. Listen on port: 3000
2014-11-28T05:31:41.863Z - info: NodeGrid:util/createLoggerDir - Logs dir is exists
2014-11-28T05:35:26.407Z - info: ================================================================================================
2014-11-28T05:35:26.407Z - info: NodeGrid:system_end_points/createSystemEndPoints - [GET/system/collections]
2014-11-28T05:35:26.407Z - info: NodeGrid:system_services/handleGetCollections - Get current system collection list
2014-11-28T05:36:35.434Z - info: ================================================================================================
2014-11-28T05:36:35.434Z - info: NodeGrid:system_end_points/createSystemEndPoints - [GET/system/collections]
2014-11-28T05:36:35.434Z - info: NodeGrid:system_services/handleGetCollections - Get current system collection list
2014-11-28T05:56:21.676Z - info: NodeGrid:app/ NodeGrid app started. Listen on port: 3000
2014-11-28T05:56:21.677Z - info: NodeGrid:util/createLoggerDir - Logs dir is exists
2014-11-28T05:56:32.458Z - info: ================================================================================================
2014-11-28T05:56:32.458Z - info: NodeGrid:system_end_points/createSystemEndPoints - [GET/system/collections]
2014-11-28T05:56:32.458Z - info: NodeGrid:system_services/handleGetCollections - Get current system collection list
2014-11-28T06:01:23.930Z - info: NodeGrid:app/ NodeGrid app started. Listen on port: 3000
2014-11-28T06:01:23.932Z - info: NodeGrid:util/createLoggerDir - Logs dir is exists
2014-11-28T06:01:44.985Z - info: NodeGrid:query_end_points/createQueryEndPoints - [GET/app/:modelName]
2014-11-28T06:01:44.985Z - info: NodeGrid:query_services/ Querying attempt data from given model (collection)
2014-11-28T06:01:45.000Z - info: NodeGrid:query_db_callings/getAllFromDB - [cars] data successfully retrieved
2014-11-28T06:01:45.003Z - info: NodeGrid:util/sendResponse - [200] success response sent
2014-11-28T06:02:16.876Z - info: ================================================================================================
2014-11-28T06:02:16.876Z - info: NodeGrid:system_end_points/createSystemEndPoints - [GET/system/collections]
2014-11-28T06:02:16.876Z - info: NodeGrid:system_services/handleGetCollections - Get current system collection list
2014-11-28T06:02:22.578Z - info: ================================================================================================
2014-11-28T06:02:22.578Z - info: NodeGrid:system_end_points/createSystemEndPoints - [GET/system/collections]
2014-11-28T06:02:22.578Z - info: NodeGrid:system_services/handleGetCollections - Get current system collection list
2014-11-28T06:08:20.013Z - info: NodeGrid:app/ NodeGrid app started. Listen on port: 3000
2014-11-28T06:08:20.015Z - info: NodeGrid:util/createLoggerDir - Logs dir is exists
2014-11-28T06:08:30.269Z - info: ================================================================================================
2014-11-28T06:08:30.269Z - info: NodeGrid:system_end_points/createSystemEndPoints - [GET/system/collections]
2014-11-28T06:08:30.269Z - info: NodeGrid:system_services/handleGetCollections - Get current system collection list
2014-11-28T06:22:47.882Z - info: NodeGrid:app/ NodeGrid app started. Listen on port: 3000
2014-11-28T06:22:47.884Z - info: NodeGrid:util/createLoggerDir - Logs dir is exists
2014-11-28T06:22:54.410Z - info: ================================================================================================
2014-11-28T06:22:54.410Z - info: NodeGrid:system_end_points/createSystemEndPoints - [GET/system/collections]
2014-11-28T06:22:54.410Z - info: NodeGrid:system_services/handleGetCollections - Get current system collection list
2014-11-28T06:25:33.651Z - info: NodeGrid:app/ NodeGrid app started. Listen on port: 3000
2014-11-28T06:25:33.652Z - info: NodeGrid:util/createLoggerDir - Logs dir is exists
2014-11-28T06:25:38.914Z - info: ================================================================================================
2014-11-28T06:25:38.915Z - info: NodeGrid:system_end_points/createSystemEndPoints - [GET/system/collections]
2014-11-28T06:25:38.915Z - info: NodeGrid:system_services/handleGetCollections - Get current system collection list
2014-11-28T06:27:25.165Z - info: NodeGrid:app/ NodeGrid app started. Listen on port: 3000
2014-11-28T06:27:25.167Z - info: NodeGrid:util/createLoggerDir - Logs dir is exists
2014-11-28T06:27:28.906Z - info: ================================================================================================
2014-11-28T06:27:28.906Z - info: NodeGrid:system_end_points/createSystemEndPoints - [GET/system/collections]
2014-11-28T06:27:28.907Z - info: NodeGrid:system_services/handleGetCollections - Get current system collection list
2014-11-28T06:30:34.800Z - info: NodeGrid:app/ NodeGrid app started. Listen on port: 3000
2014-11-28T06:30:34.801Z - info: NodeGrid:util/createLoggerDir - Logs dir is exists
2014-11-28T06:30:43.700Z - info: ================================================================================================
2014-11-28T06:30:43.700Z - info: NodeGrid:system_end_points/createSystemEndPoints - [GET/system/collections]
2014-11-28T06:30:43.701Z - info: NodeGrid:system_services/handleGetCollections - Get current system collection list
2014-11-28T06:30:52.522Z - info: NodeGrid:query_end_points/createQueryEndPoints - [GET/app/:modelName]
2014-11-28T06:30:52.522Z - info: NodeGrid:query_services/ Querying attempt data from given model (collection)
2014-11-28T06:30:52.536Z - info: NodeGrid:query_db_callings/getAllFromDB - [cars] data successfully retrieved
2014-11-28T06:30:52.539Z - info: NodeGrid:util/sendResponse - [200] success response sent
2014-11-28T06:30:58.391Z - info: ================================================================================================
2014-11-28T06:30:58.392Z - info: NodeGrid:system_end_points/createSystemEndPoints - [GET/system/collections]
2014-11-28T06:30:58.392Z - info: NodeGrid:system_services/handleGetCollections - Get current system collection list
2014-11-28T06:31:57.742Z - info: NodeGrid:store_end_points/createStoreEndPoints - [POST/app/:modelName]
2014-11-28T06:31:57.743Z - info: NodeGrid:store_services/ Adding attempt a new model (collection) with data
2014-11-28T06:31:57.812Z - info: NodeGrid:store_db_callings/saveModelOrEntityToDb - New model added successfully. OBJECT: {"__v":0,"data":{"{\"name\":\"pahan\"}":""},"_id":"547816dd295a6026a4d0f809"}
2014-11-28T06:31:57.813Z - info: NodeGrid:util/sendResponse - [200] success response sent
2014-11-28T06:32:04.889Z - info: ================================================================================================
2014-11-28T06:32:04.889Z - info: NodeGrid:system_end_points/createSystemEndPoints - [GET/system/collections]
2014-11-28T06:32:04.890Z - info: NodeGrid:system_services/handleGetCollections - Get current system collection list
2014-11-28T06:34:04.973Z - info: ================================================================================================
2014-11-28T06:34:04.973Z - info: NodeGrid:system_end_points/createSystemEndPoints - [GET/system/collections]
2014-11-28T06:34:04.973Z - info: NodeGrid:system_services/handleGetCollections - Get current system collection list
2014-11-28T07:35:15.808Z - info: ================================================================================================
2014-11-28T07:35:15.834Z - info: NodeGrid:system_end_points/createSystemEndPoints - [GET/system/collections]
2014-11-28T07:35:15.834Z - info: NodeGrid:system_services/handleGetCollections - Get current system collection list
2014-11-28T07:36:49.725Z - info: ================================================================================================
2014-11-28T07:36:49.725Z - info: NodeGrid:system_end_points/createSystemEndPoints - [GET/system/collections]
2014-11-28T07:36:49.726Z - info: NodeGrid:system_services/handleGetCollections - Get current system collection list
2014-11-28T07:59:58.193Z - info: ================================================================================================
2014-11-28T07:59:58.193Z - info: NodeGrid:system_end_points/createSystemEndPoints - [GET/system/collections]
2014-11-28T07:59:58.200Z - info: NodeGrid:system_services/handleGetCollections - Get current system collection list
2014-11-28T08:14:19.711Z - info: ================================================================================================
2014-11-28T08:14:19.711Z - info: NodeGrid:system_end_points/createSystemEndPoints - [GET/system/collections]
2014-11-28T08:14:19.754Z - info: NodeGrid:system_services/handleGetCollections - Get current system collection list
2014-11-28T08:14:58.102Z - info: ================================================================================================
2014-11-28T08:14:58.102Z - info: NodeGrid:system_end_points/createSystemEndPoints - [GET/system/collections]
2014-11-28T08:14:58.102Z - info: NodeGrid:system_services/handleGetCollections - Get current system collection list
2014-11-28T08:15:54.153Z - info: ================================================================================================
2014-11-28T08:15:54.154Z - info: NodeGrid:system_end_points/createSystemEndPoints - [GET/system/collections]
2014-11-28T08:15:54.154Z - info: NodeGrid:system_services/handleGetCollections - Get current system collection list
2014-11-28T08:16:05.345Z - info: ================================================================================================
2014-11-28T08:16:05.377Z - info: NodeGrid:system_end_points/createSystemEndPoints - [GET/system/collections]
2014-11-28T08:16:05.378Z - info: NodeGrid:system_services/handleGetCollections - Get current system collection list
2014-11-28T08:16:36.237Z - info: ================================================================================================
2014-11-28T08:16:36.249Z - info: NodeGrid:system_end_points/createSystemEndPoints - [GET/system/collections]
2014-11-28T08:16:36.249Z - info: NodeGrid:system_services/handleGetCollections - Get current system collection list
2014-11-28T08:17:15.630Z - info: ================================================================================================
2014-11-28T08:17:15.630Z - info: NodeGrid:system_end_points/createSystemEndPoints - [GET/system/collections]
2014-11-28T08:17:15.636Z - info: NodeGrid:system_services/handleGetCollections - Get current system collection list
2014-11-28T08:17:50.788Z - info: ================================================================================================
2014-11-28T08:17:50.884Z - info: NodeGrid:system_end_points/createSystemEndPoints - [GET/system/collections]
2014-11-28T08:17:50.884Z - info: NodeGrid:system_services/handleGetCollections - Get current system collection list
2014-11-28T08:20:56.927Z - info: ================================================================================================
2014-11-28T08:20:56.928Z - info: NodeGrid:system_end_points/createSystemEndPoints - [GET/system/collections]
2014-11-28T08:20:56.928Z - info: NodeGrid:system_services/handleGetCollections - Get current system collection list
2014-11-28T08:21:51.053Z - info: ================================================================================================
2014-11-28T08:21:51.053Z - info: NodeGrid:system_end_points/createSystemEndPoints - [GET/system/collections]
2014-11-28T08:21:51.054Z - info: NodeGrid:system_services/handleGetCollections - Get current system collection list
2014-11-28T08:23:12.784Z - info: ================================================================================================
2014-11-28T08:23:12.790Z - info: NodeGrid:system_end_points/createSystemEndPoints - [GET/system/collections]
2014-11-28T08:23:12.809Z - info: NodeGrid:system_services/handleGetCollections - Get current system collection list
2014-11-28T08:27:14.306Z - info: ================================================================================================
2014-11-28T08:27:14.306Z - info: NodeGrid:system_end_points/createSystemEndPoints - [GET/system/collections]
2014-11-28T08:27:14.371Z - info: NodeGrid:system_services/handleGetCollections - Get current system collection list
2014-11-28T08:28:52.059Z - info: ================================================================================================
2014-11-28T08:28:52.194Z - info: NodeGrid:system_end_points/createSystemEndPoints - [GET/system/collections]
2014-11-28T08:28:52.209Z - info: NodeGrid:system_services/handleGetCollections - Get current system collection list
2014-11-28T08:29:28.943Z - info: NodeGrid:store_end_points/createStoreEndPoints - [POST/app/:modelName]
2014-11-28T08:29:28.951Z - info: NodeGrid:store_services/ Adding attempt a new model (collection) with data
2014-11-28T08:29:29.685Z - info: NodeGrid:store_db_callings/saveModelOrEntityToDb - New model added successfully. OBJECT: {"__v":0,"data":{"{\"name\":\"pahan\"}":""},"_id":"54783269295a6026a4d0f80a"}
2014-11-28T08:29:29.741Z - info: NodeGrid:util/sendResponse - [200] success response sent
2014-11-28T08:29:35.891Z - info: ================================================================================================
2014-11-28T08:29:35.891Z - info: NodeGrid:system_end_points/createSystemEndPoints - [GET/system/collections]
2014-11-28T08:29:35.905Z - info: NodeGrid:system_services/handleGetCollections - Get current system collection list
2014-11-28T09:50:31.018Z - info: NodeGrid:app/ NodeGrid app started. Listen on port: 3000
2014-11-28T09:50:31.019Z - info: NodeGrid:util/createLoggerDir - Logs dir is exists
2014-11-28T09:50:36.052Z - info: NodeGrid:query_end_points/createQueryEndPoints - [GET/app/:modelName]
2014-11-28T09:50:36.053Z - info: NodeGrid:query_services/ Querying attempt data from given model (collection)
2014-11-28T09:50:36.065Z - info: NodeGrid:query_db_callings/getAllFromDB - [cars] data successfully retrieved
2014-11-28T09:50:36.067Z - info: NodeGrid:util/sendResponse - [200] success response sent
2014-11-28T09:50:36.094Z - info: ================================================================================================
2014-11-28T09:50:36.095Z - info: NodeGrid:token_master/validateAccessToken - No valid token records from given token
2014-11-28T09:50:36.095Z - info: NodeGrid:util/sendResponse - [404] error response sent
2014-11-28T09:52:39.045Z - info: NodeGrid:query_end_points/createQueryEndPoints - [GET/app/:modelName]
2014-11-28T09:52:39.046Z - info: NodeGrid:query_services/ Querying attempt data from given model (collection)
2014-11-28T09:52:39.049Z - info: ================================================================================================
2014-11-28T09:52:39.049Z - info: NodeGrid:token_master/validateAccessToken - No valid token records from given token
2014-11-28T09:52:39.050Z - info: NodeGrid:util/sendResponse - [404] error response sent
2014-11-28T09:52:39.051Z - info: NodeGrid:query_db_callings/getAllFromDB - [cars] data successfully retrieved
2014-11-28T09:52:39.052Z - info: NodeGrid:util/sendResponse - [200] success response sent
2014-11-28T10:01:40.629Z - info: NodeGrid:app/ NodeGrid app started. Listen on port: 3000
2014-11-28T10:01:40.631Z - info: NodeGrid:util/createLoggerDir - Logs dir is exists
2014-11-28T10:02:07.121Z - info: NodeGrid:query_end_points/createQueryEndPoints - [GET/app/:modelName]
2014-11-28T10:02:07.122Z - info: NodeGrid:query_services/handleQueryModelGet - Querying attempt data from given model (collection)
2014-11-28T10:02:07.141Z - info: NodeGrid:query_db_callings/getAllFromDB - [cars] data successfully retrieved
2014-11-28T10:02:07.143Z - info: NodeGrid:util/sendResponse - [200] success response sent
2014-11-28T10:02:07.146Z - info: ================================================================================================
2014-11-28T10:02:07.146Z - info: NodeGrid:token_master/validateAccessToken - No valid token records from given token
2014-11-28T10:02:07.146Z - info: NodeGrid:util/sendResponse - [404] error response sent
2014-11-28T10:02:10.105Z - info: NodeGrid:query_end_points/createQueryEndPoints - [GET/app/:modelName]
2014-11-28T10:02:10.105Z - info: NodeGrid:query_services/handleQueryModelGet - Querying attempt data from given model (collection)
2014-11-28T10:02:10.107Z - info: NodeGrid:query_db_callings/getAllFromDB - [cars] data successfully retrieved
2014-11-28T10:02:10.107Z - info: NodeGrid:util/sendResponse - [200] success response sent
2014-11-28T10:02:10.108Z - info: ================================================================================================
2014-11-28T10:02:10.108Z - info: NodeGrid:token_master/validateAccessToken - No valid token records from given token
2014-11-28T10:02:10.109Z - info: NodeGrid:util/sendResponse - [404] error response sent
2014-11-28T10:02:15.744Z - info: NodeGrid:query_end_points/createQueryEndPoints - [GET/app/:modelName]
2014-11-28T10:02:15.744Z - info: NodeGrid:query_services/handleQueryModelGet - Querying attempt data from given model (collection)
2014-11-28T10:02:15.745Z - info: NodeGrid:query_db_callings/getAllFromDB - [cars] data successfully retrieved
2014-11-28T10:02:15.746Z - info: NodeGrid:util/sendResponse - [200] success response sent
2014-11-28T10:02:15.747Z - info: ================================================================================================
2014-11-28T10:02:15.747Z - info: NodeGrid:token_master/validateAccessToken - No valid token records from given token
2014-11-28T10:02:15.747Z - info: NodeGrid:util/sendResponse - [404] error response sent
2014-11-28T10:04:53.208Z - info: NodeGrid:app/ NodeGrid app started. Listen on port: 3000
2014-11-28T10:04:53.210Z - info: NodeGrid:util/createLoggerDir - Logs dir is exists
2014-11-28T10:04:56.702Z - info: NodeGrid:query_end_points/createQueryEndPoints - [GET/app/:modelName]
2014-11-28T10:04:56.702Z - info: NodeGrid:query_services/handleQueryModelGet - Querying attempt data from given model (collection)
2014-11-28T10:04:56.721Z - info: NodeGrid:query_db_callings/getAllFromDB - [cars] data successfully retrieved
2014-11-28T10:04:56.723Z - info: NodeGrid:util/sendResponse - [200] success response sent
2014-11-28T10:04:56.726Z - info: ================================================================================================
2014-11-28T10:04:56.726Z - info: NodeGrid:token_master/validateAccessToken - No valid token records from given token
2014-11-28T10:04:56.727Z - info: NodeGrid:util/sendResponse - [404] error response sent
2014-11-28T10:04:57.719Z - info: NodeGrid:query_end_points/createQueryEndPoints - [GET/app/:modelName]
2014-11-28T10:04:57.719Z - info: NodeGrid:query_services/handleQueryModelGet - Querying attempt data from given model (collection)
2014-11-28T10:04:57.721Z - info: NodeGrid:query_db_callings/getAllFromDB - [cars] data successfully retrieved
2014-11-28T10:04:57.722Z - info: NodeGrid:util/sendResponse - [200] success response sent
2014-11-28T10:04:57.723Z - info: ================================================================================================
2014-11-28T10:04:57.723Z - info: NodeGrid:token_master/validateAccessToken - No valid token records from given token
2014-11-28T10:04:57.723Z - info: NodeGrid:util/sendResponse - [404] error response sent
2014-11-28T10:04:58.331Z - info: NodeGrid:query_end_points/createQueryEndPoints - [GET/app/:modelName]
2014-11-28T10:04:58.331Z - info: NodeGrid:query_services/handleQueryModelGet - Querying attempt data from given model (collection)
2014-11-28T10:04:58.332Z - info: NodeGrid:query_db_callings/getAllFromDB - [cars] data successfully retrieved
2014-11-28T10:04:58.333Z - info: NodeGrid:util/sendResponse - [200] success response sent
2014-11-28T10:04:58.334Z - info: ================================================================================================
2014-11-28T10:04:58.334Z - info: NodeGrid:token_master/validateAccessToken - No valid token records from given token
2014-11-28T10:04:58.334Z - info: NodeGrid:util/sendResponse - [404] error response sent
2014-11-28T10:04:58.820Z - info: NodeGrid:query_end_points/createQueryEndPoints - [GET/app/:modelName]
2014-11-28T10:04:58.821Z - info: NodeGrid:query_services/handleQueryModelGet - Querying attempt data from given model (collection)
2014-11-28T10:04:58.822Z - info: NodeGrid:query_db_callings/getAllFromDB - [cars] data successfully retrieved
2014-11-28T10:04:58.822Z - info: NodeGrid:util/sendResponse - [200] success response sent
2014-11-28T10:04:58.823Z - info: ================================================================================================
2014-11-28T10:04:58.823Z - info: NodeGrid:token_master/validateAccessToken - No valid token records from given token
2014-11-28T10:04:58.823Z - info: NodeGrid:util/sendResponse - [404] error response sent
2014-11-28T10:05:51.481Z - info: NodeGrid:app/ NodeGrid app started. Listen on port: 3000
2014-11-28T10:05:51.482Z - info: NodeGrid:util/createLoggerDir - Logs dir is exists
2014-11-28T10:05:57.395Z - info: NodeGrid:query_end_points/createQueryEndPoints - [GET/app/:modelName]
2014-11-28T10:05:57.395Z - info: NodeGrid:query_services/handleQueryModelGet - Querying attempt data from given model (collection)
2014-11-28T10:05:57.410Z - info: NodeGrid:query_db_callings/getAllFromDB - [cars] data successfully retrieved
2014-11-28T10:05:57.413Z - info: NodeGrid:util/sendResponse - [200] success response sent
2014-11-28T10:06:07.620Z - info: NodeGrid:query_end_points/createQueryEndPoints - [GET/app/:modelName]
2014-11-28T10:06:07.620Z - info: NodeGrid:query_services/handleQueryModelGet - Querying attempt data from given model (collection)
2014-11-28T10:06:07.624Z - info: NodeGrid:query_db_callings/getAllFromDB - [cars] data successfully retrieved
2014-11-28T10:06:07.624Z - info: NodeGrid:util/sendResponse - [200] success response sent
2014-11-28T10:07:12.809Z - info: NodeGrid:app/ NodeGrid app started. Listen on port: 3000
2014-11-28T10:07:12.810Z - info: NodeGrid:util/createLoggerDir - Logs dir is exists
2014-11-28T10:07:15.978Z - info: NodeGrid:query_end_points/createQueryEndPoints - [GET/app/:modelName]
2014-11-28T10:07:15.978Z - info: NodeGrid:query_services/handleQueryModelGet - Querying attempt data from given model (collection)
2014-11-28T10:07:15.992Z - info: NodeGrid:query_db_callings/getAllFromDB - [cars] data successfully retrieved
2014-11-28T10:07:15.996Z - info: NodeGrid:util/sendResponse - [200] success response sent
2014-11-28T10:07:16.003Z - info: ================================================================================================
2014-11-28T10:07:16.003Z - info: NodeGrid:token_master/validateAccessToken - No valid token records from given token
2014-11-28T10:07:16.003Z - info: NodeGrid:util/sendResponse - [404] error response sent
2014-11-28T10:07:17.936Z - info: NodeGrid:query_end_points/createQueryEndPoints - [GET/app/:modelName]
2014-11-28T10:07:17.937Z - info: NodeGrid:query_services/handleQueryModelGet - Querying attempt data from given model (collection)
2014-11-28T10:07:17.938Z - info: NodeGrid:query_db_callings/getAllFromDB - [cars] data successfully retrieved
2014-11-28T10:07:17.939Z - info: NodeGrid:util/sendResponse - [200] success response sent
2014-11-28T10:07:17.940Z - info: ================================================================================================
2014-11-28T10:07:17.940Z - info: NodeGrid:token_master/validateAccessToken - No valid token records from given token
2014-11-28T10:07:17.940Z - info: NodeGrid:util/sendResponse - [404] error response sent
2014-11-28T10:07:18.593Z - info: NodeGrid:query_end_points/createQueryEndPoints - [GET/app/:modelName]
2014-11-28T10:07:18.593Z - info: NodeGrid:query_services/handleQueryModelGet - Querying attempt data from given model (collection)
2014-11-28T10:07:18.594Z - info: NodeGrid:query_db_callings/getAllFromDB - [cars] data successfully retrieved
2014-11-28T10:07:18.594Z - info: NodeGrid:util/sendResponse - [200] success response sent
2014-11-28T10:07:18.595Z - info: ================================================================================================
2014-11-28T10:07:18.595Z - info: NodeGrid:token_master/validateAccessToken - No valid token records from given token
2014-11-28T10:07:18.596Z - info: NodeGrid:util/sendResponse - [404] error response sent
2014-11-28T10:08:18.577Z - info: NodeGrid:app/ NodeGrid app started. Listen on port: 3000
2014-11-28T10:08:18.578Z - info: NodeGrid:util/createLoggerDir - Logs dir is exists
2014-11-28T10:08:58.471Z - info: NodeGrid:app/ NodeGrid app started. Listen on port: 3000
2014-11-28T10:08:58.473Z - info: NodeGrid:util/createLoggerDir - Logs dir is exists
2014-11-28T10:09:03.496Z - info: NodeGrid:query_end_points/createQueryEndPoints - [GET/app/:modelName]
2014-11-28T10:09:03.496Z - info: NodeGrid:query_services/handleQueryModelGet - Querying attempt data from given model (collection)
2014-11-28T10:09:03.508Z - info: NodeGrid:query_db_callings/getAllFromDB - [cars] data successfully retrieved
2014-11-28T10:09:03.510Z - info: NodeGrid:util/sendResponse - [200] success response sent
2014-11-28T10:09:04.375Z - info: NodeGrid:query_end_points/createQueryEndPoints - [GET/app/:modelName]
2014-11-28T10:09:04.375Z - info: NodeGrid:query_services/handleQueryModelGet - Querying attempt data from given model (collection)
2014-11-28T10:09:04.377Z - info: NodeGrid:query_db_callings/getAllFromDB - [cars] data successfully retrieved
2014-11-28T10:09:04.378Z - info: NodeGrid:util/sendResponse - [200] success response sent
2014-11-28T10:09:05.094Z - info: NodeGrid:query_end_points/createQueryEndPoints - [GET/app/:modelName]
2014-11-28T10:09:05.094Z - info: NodeGrid:query_services/handleQueryModelGet - Querying attempt data from given model (collection)
2014-11-28T10:09:05.095Z - info: NodeGrid:query_db_callings/getAllFromDB - [cars] data successfully retrieved
2014-11-28T10:09:05.095Z - info: NodeGrid:util/sendResponse - [200] success response sent
2014-11-28T10:09:05.830Z - info: NodeGrid:query_end_points/createQueryEndPoints - [GET/app/:modelName]
2014-11-28T10:09:05.831Z - info: NodeGrid:query_services/handleQueryModelGet - Querying attempt data from given model (collection)
2014-11-28T10:09:05.832Z - info: NodeGrid:query_db_callings/getAllFromDB - [cars] data successfully retrieved
2014-11-28T10:09:05.832Z - info: NodeGrid:util/sendResponse - [200] success response sent
2014-11-28T10:10:16.844Z - info: NodeGrid:app/ NodeGrid app started. Listen on port: 3000
2014-11-28T10:10:16.846Z - info: NodeGrid:util/createLoggerDir - Logs dir is exists
2014-11-28T10:15:46.740Z - info: NodeGrid:app/ NodeGrid app started. Listen on port: 3000
2014-11-28T10:15:46.742Z - info: NodeGrid:util/createLoggerDir - Logs dir is exists
2014-11-28T10:15:50.951Z - info: ================================================================================================
2014-11-28T10:15:50.951Z - info: NodeGrid:token_master/validateAccessToken - No valid token records from given token
2014-11-28T10:15:50.951Z - info: NodeGrid:util/sendResponse - [404] error response sent
2014-11-28T10:19:29.464Z - info: NodeGrid:app/ NodeGrid app started. Listen on port: 3000
2014-11-28T10:19:29.465Z - info: NodeGrid:util/createLoggerDir - Logs dir is exists
2014-11-28T10:22:14.286Z - info: NodeGrid:app/ NodeGrid app started. Listen on port: 3000
2014-11-28T10:22:14.287Z - info: NodeGrid:util/createLoggerDir - Logs dir is exists
2014-11-28T10:22:17.242Z - info: ================================================================================================
2014-11-28T10:22:17.242Z - info: NodeGrid:token_master/validateAccessToken - No valid token records from given token
2014-11-28T10:22:17.243Z - info: NodeGrid:util/sendResponse - [404] error response sent
2014-11-28T10:23:47.352Z - info: NodeGrid:app/ NodeGrid app started. Listen on port: 3000
2014-11-28T10:23:47.353Z - info: NodeGrid:util/createLoggerDir - Logs dir is exists
2014-11-28T10:23:49.856Z - info: NodeGrid:query_end_points/createQueryEndPoints - [GET/app/:modelName]
2014-11-28T10:23:49.856Z - info: NodeGrid:query_services/handleQueryModelGet - Querying attempt data from given model (collection)
2014-11-28T10:23:49.873Z - info: NodeGrid:query_db_callings/getAllFromDB - [cars] data successfully retrieved
2014-11-28T10:23:49.875Z - info: NodeGrid:util/sendResponse - [200] success response sent
2014-11-28T10:23:49.879Z - info: ================================================================================================
2014-11-28T10:23:49.879Z - info: NodeGrid:token_master/validateAccessToken - No valid token records from given token
2014-11-28T10:23:49.879Z - info: NodeGrid:util/sendResponse - [404] error response sent
2014-11-28T10:23:53.579Z - info: NodeGrid:query_end_points/createQueryEndPoints - [GET/app/:modelName]
2014-11-28T10:23:53.579Z - info: NodeGrid:query_services/handleQueryModelGet - Querying attempt data from given model (collection)
2014-11-28T10:23:53.581Z - info: NodeGrid:query_db_callings/getAllFromDB - [cars] data successfully retrieved
2014-11-28T10:23:53.581Z - info: NodeGrid:util/sendResponse - [200] success response sent
2014-11-28T10:23:53.582Z - info: ================================================================================================
2014-11-28T10:23:53.582Z - info: NodeGrid:token_master/validateAccessToken - No valid token records from given token
2014-11-28T10:23:53.582Z - info: NodeGrid:util/sendResponse - [404] error response sent
2014-11-28T10:25:06.987Z - info: NodeGrid:app/ NodeGrid app started. Listen on port: 3000
2014-11-28T10:25:06.988Z - info: NodeGrid:util/createLoggerDir - Logs dir is exists
2014-11-28T10:25:11.255Z - info: ================================================================================================
2014-11-28T10:25:11.256Z - info: NodeGrid:token_master/validateAccessToken - No valid token records from given token
2014-11-28T10:25:11.256Z - info: NodeGrid:util/sendResponse - [404] error response sent
2014-11-28T10:25:15.371Z - info: ================================================================================================
2014-11-28T10:25:15.371Z - info: NodeGrid:token_master/validateAccessToken - No valid token records from given token
2014-11-28T10:25:15.371Z - info: NodeGrid:util/sendResponse - [404] error response sent
2014-11-28T10:25:38.512Z - info: NodeGrid:app/ NodeGrid app started. Listen on port: 3000
2014-11-28T10:25:38.513Z - info: NodeGrid:util/createLoggerDir - Logs dir is exists
2014-11-28T10:26:56.440Z - info: NodeGrid:app/ NodeGrid app started. Listen on port: 3000
2014-11-28T10:26:56.442Z - info: NodeGrid:util/createLoggerDir - Logs dir is exists
2014-11-28T10:26:58.399Z - info: NodeGrid:query_end_points/createQueryEndPoints - [GET/app/:modelName]
2014-11-28T10:26:58.400Z - info: NodeGrid:query_services/handleQueryModelGet - Querying attempt data from given model (collection)
2014-11-28T10:26:58.412Z - info: NodeGrid:query_db_callings/getAllFromDB - [cars] data successfully retrieved
2014-11-28T10:26:58.415Z - info: NodeGrid:util/sendResponse - [200] success response sent
2014-11-28T10:28:00.828Z - info: NodeGrid:app/ NodeGrid app started. Listen on port: 3000
2014-11-28T10:28:00.830Z - info: NodeGrid:util/createLoggerDir - Logs dir is exists
2014-11-28T10:28:04.011Z - info: NodeGrid:query_end_points/createQueryEndPoints - [GET/app/:modelName]
2014-11-28T10:28:04.012Z - info: NodeGrid:query_services/handleQueryModelGet - Querying attempt data from given model (collection)
2014-11-28T10:28:04.027Z - info: NodeGrid:query_db_callings/getAllFromDB - [cars] data successfully retrieved
2014-11-28T10:28:04.029Z - info: NodeGrid:util/sendResponse - [200] success response sent
2014-11-28T10:28:04.996Z - info: NodeGrid:query_end_points/createQueryEndPoints - [GET/app/:modelName]
2014-11-28T10:28:04.996Z - info: NodeGrid:query_services/handleQueryModelGet - Querying attempt data from given model (collection)
2014-11-28T10:28:04.999Z - info: NodeGrid:query_db_callings/getAllFromDB - [cars] data successfully retrieved
2014-11-28T10:28:04.999Z - info: NodeGrid:util/sendResponse - [200] success response sent
2014-11-28T10:28:25.029Z - info: NodeGrid:app/ NodeGrid app started. Listen on port: 3000
2014-11-28T10:28:25.031Z - info: NodeGrid:util/createLoggerDir - Logs dir is exists
2014-11-28T10:28:32.236Z - info: NodeGrid:query_end_points/createQueryEndPoints - [GET/app/:modelName]
2014-11-28T10:28:32.236Z - info: NodeGrid:query_services/handleQueryModelGet - Querying attempt data from given model (collection)
2014-11-28T10:28:32.242Z - info: NodeGrid:query_db_callings/getAllFromDB - [cars] data successfully retrieved
2014-11-28T10:28:32.245Z - info: NodeGrid:util/sendResponse - [200] success response sent
2014-11-28T10:28:32.249Z - info: ================================================================================================
2014-11-28T10:28:32.249Z - info: NodeGrid:token_master/validateAccessToken - No valid token records from given token
2014-11-28T10:28:32.250Z - info: NodeGrid:util/sendResponse - [404] error response sent
2014-11-28T10:28:33.556Z - info: NodeGrid:query_end_points/createQueryEndPoints - [GET/app/:modelName]
2014-11-28T10:28:33.556Z - info: NodeGrid:query_services/handleQueryModelGet - Querying attempt data from given model (collection)
2014-11-28T10:28:33.557Z - info: ================================================================================================
2014-11-28T10:28:33.557Z - info: NodeGrid:token_master/validateAccessToken - No valid token records from given token
2014-11-28T10:28:33.557Z - info: NodeGrid:util/sendResponse - [404] error response sent
2014-11-28T10:28:33.559Z - info: NodeGrid:query_db_callings/getAllFromDB - [cars] data successfully retrieved
2014-11-28T10:28:33.559Z - info: NodeGrid:util/sendResponse - [200] success response sent
2014-11-28T10:28:35.184Z - info: NodeGrid:query_end_points/createQueryEndPoints - [GET/app/:modelName]
2014-11-28T10:28:35.185Z - info: NodeGrid:query_services/handleQueryModelGet - Querying attempt data from given model (collection)
2014-11-28T10:28:35.185Z - info: ================================================================================================
2014-11-28T10:28:35.185Z - info: NodeGrid:token_master/validateAccessToken - No valid token records from given token
2014-11-28T10:28:35.185Z - info: NodeGrid:util/sendResponse - [404] error response sent
2014-11-28T10:28:35.186Z - info: NodeGrid:query_db_callings/getAllFromDB - [cars] data successfully retrieved
2014-11-28T10:28:35.187Z - info: NodeGrid:util/sendResponse - [200] success response sent
2014-11-28T10:28:35.777Z - info: NodeGrid:query_end_points/createQueryEndPoints - [GET/app/:modelName]
2014-11-28T10:28:35.777Z - info: NodeGrid:query_services/handleQueryModelGet - Querying attempt data from given model (collection)
2014-11-28T10:28:35.778Z - info: ================================================================================================
2014-11-28T10:28:35.778Z - info: NodeGrid:token_master/validateAccessToken - No valid token records from given token
2014-11-28T10:28:35.778Z - info: NodeGrid:util/sendResponse - [404] error response sent
2014-11-28T10:28:35.778Z - info: NodeGrid:query_db_callings/getAllFromDB - [cars] data successfully retrieved
2014-11-28T10:28:35.779Z - info: NodeGrid:util/sendResponse - [200] success response sent
2014-11-28T10:28:47.245Z - info: NodeGrid:app/ NodeGrid app started. Listen on port: 3000
2014-11-28T10:28:47.246Z - info: NodeGrid:util/createLoggerDir - Logs dir is exists
2014-11-28T10:28:49.930Z - info: NodeGrid:query_end_points/createQueryEndPoints - [GET/app/:modelName]
2014-11-28T10:28:49.930Z - info: NodeGrid:query_services/handleQueryModelGet - Querying attempt data from given model (collection)
2014-11-28T10:28:49.935Z - info: ================================================================================================
2014-11-28T10:28:49.936Z - info: NodeGrid:token_master/validateAccessToken - No valid token records from given token
2014-11-28T10:28:49.936Z - info: NodeGrid:util/sendResponse - [404] error response sent
2014-11-28T10:28:49.943Z - info: NodeGrid:query_db_callings/getAllFromDB - [cars] data successfully retrieved
2014-11-28T10:28:49.946Z - info: NodeGrid:util/sendResponse - [200] success response sent
2014-11-28T10:28:52.076Z - info: NodeGrid:query_end_points/createQueryEndPoints - [GET/app/:modelName]
2014-11-28T10:28:52.076Z - info: NodeGrid:query_services/handleQueryModelGet - Querying attempt data from given model (collection)
2014-11-28T10:28:52.077Z - info: ================================================================================================
2014-11-28T10:28:52.077Z - info: NodeGrid:token_master/validateAccessToken - No valid token records from given token
2014-11-28T10:28:52.078Z - info: NodeGrid:util/sendResponse - [404] error response sent
2014-11-28T10:28:52.079Z - info: NodeGrid:query_db_callings/getAllFromDB - [cars] data successfully retrieved
2014-11-28T10:28:52.080Z - info: NodeGrid:util/sendResponse - [200] success response sent
2014-11-28T10:28:59.480Z - info: NodeGrid:app/ NodeGrid app started. Listen on port: 3000
2014-11-28T10:28:59.481Z - info: NodeGrid:util/createLoggerDir - Logs dir is exists
2014-11-28T10:29:01.806Z - info: NodeGrid:query_end_points/createQueryEndPoints - [GET/app/:modelName]
2014-11-28T10:29:01.806Z - info: NodeGrid:query_services/handleQueryModelGet - Querying attempt data from given model (collection)
2014-11-28T10:29:01.810Z - info: ================================================================================================
2014-11-28T10:29:01.810Z - info: NodeGrid:token_master/validateAccessToken - No valid token records from given token
2014-11-28T10:29:01.810Z - info: NodeGrid:util/sendResponse - [404] error response sent
2014-11-28T10:29:01.817Z - info: NodeGrid:query_db_callings/getAllFromDB - [cars] data successfully retrieved
2014-11-28T10:29:01.820Z - info: NodeGrid:util/sendResponse - [200] success response sent
2014-11-28T10:29:57.235Z - info: NodeGrid:app/ NodeGrid app started. Listen on port: 3000
2014-11-28T10:29:57.237Z - info: NodeGrid:util/createLoggerDir - Logs dir is exists
2014-11-28T10:30:03.591Z - info: NodeGrid:query_end_points/createQueryEndPoints - [GET/app/:modelName]
2014-11-28T10:30:03.591Z - info: NodeGrid:query_services/handleQueryModelGet - Querying attempt data from given model (collection)
2014-11-28T10:30:03.606Z - info: NodeGrid:query_db_callings/getAllFromDB - [cars] data successfully retrieved
2014-11-28T10:30:03.609Z - info: NodeGrid:util/sendResponse - [200] success response sent
2014-11-28T10:30:05.039Z - info: NodeGrid:query_end_points/createQueryEndPoints - [GET/app/:modelName]
2014-11-28T10:30:05.039Z - info: NodeGrid:query_services/handleQueryModelGet - Querying attempt data from given model (collection)
2014-11-28T10:30:05.041Z - info: NodeGrid:query_db_callings/getAllFromDB - [cars] data successfully retrieved
2014-11-28T10:30:05.041Z - info: NodeGrid:util/sendResponse - [200] success response sent
2014-11-28T10:30:50.006Z - info: NodeGrid:app/ NodeGrid app started. Listen on port: 3000
2014-11-28T10:30:50.007Z - info: NodeGrid:util/createLoggerDir - Logs dir is exists
2014-11-28T10:30:57.991Z - info: NodeGrid:query_end_points/createQueryEndPoints - [GET/app/:modelName]
2014-11-28T10:30:57.991Z - info: NodeGrid:query_services/handleQueryModelGet - Querying attempt data from given model (collection)
2014-11-28T10:30:57.995Z - info: ================================================================================================
2014-11-28T10:30:57.995Z - info: NodeGrid:token_master/validateAccessToken - No valid token records from given token
2014-11-28T10:30:57.996Z - info: NodeGrid:util/sendResponse - [404] error response sent
2014-11-28T10:30:58.002Z - info: NodeGrid:query_db_callings/getAllFromDB - [cars] data successfully retrieved
2014-11-28T10:30:58.004Z - info: NodeGrid:util/sendResponse - [200] success response sent
2014-11-28T10:31:31.826Z - info: NodeGrid:app/ NodeGrid app started. Listen on port: 3000
2014-11-28T10:31:31.827Z - info: NodeGrid:util/createLoggerDir - Logs dir is exists
2014-11-28T10:31:38.615Z - info: ================================================================================================
2014-11-28T10:31:38.615Z - info: NodeGrid:token_master/validateAccessToken - No valid token records from given token
2014-11-28T10:31:38.615Z - info: NodeGrid:util/sendResponse - [404] error response sent
2014-11-28T10:33:30.277Z - info: NodeGrid:app/ NodeGrid app started. Listen on port: 3000
2014-11-28T10:33:30.279Z - info: NodeGrid:util/createLoggerDir - Logs dir is exists
2014-11-28T10:33:33.490Z - info: ================================================================================================
2014-11-28T10:33:33.491Z - info: NodeGrid:token_master/validateAccessToken - No valid token records from given token
2014-11-28T10:33:33.491Z - info: NodeGrid:util/sendResponse - [404] error response sent
2014-11-28T10:33:56.696Z - info: NodeGrid:app/ NodeGrid app started. Listen on port: 3000
2014-11-28T10:33:56.698Z - info: NodeGrid:util/createLoggerDir - Logs dir is exists
2014-11-28T10:34:00.492Z - info: NodeGrid:query_end_points/createQueryEndPoints - [GET/app/:modelName]
2014-11-28T10:34:00.492Z - info: NodeGrid:query_services/handleQueryModelGet - Querying attempt data from given model (collection)
2014-11-28T10:34:00.496Z - info: ================================================================================================
2014-11-28T10:34:00.496Z - info: NodeGrid:token_master/validateAccessToken - No valid token records from given token
2014-11-28T10:34:00.496Z - info: NodeGrid:util/sendResponse - [404] error response sent
2014-11-28T10:34:00.504Z - info: NodeGrid:query_db_callings/getAllFromDB - [cars] data successfully retrieved
2014-11-28T10:34:00.507Z - info: NodeGrid:util/sendResponse - [200] success response sent
2014-11-28T10:34:34.207Z - info: NodeGrid:query_end_points/createQueryEndPoints - [GET/app/:modelName]
2014-11-28T10:34:34.207Z - info: NodeGrid:query_services/handleQueryModelGet - Querying attempt data from given model (collection)
2014-11-28T10:34:34.208Z - info: ================================================================================================
2014-11-28T10:34:34.208Z - info: NodeGrid:token_master/validateAccessToken - No valid token records from given token
2014-11-28T10:34:34.208Z - info: NodeGrid:util/sendResponse - [404] error response sent
2014-11-28T10:34:34.211Z - info: NodeGrid:query_db_callings/getAllFromDB - [books] data successfully retrieved
2014-11-28T10:34:34.212Z - info: NodeGrid:util/sendResponse - [200] success response sent
2014-11-28T10:34:42.522Z - info: NodeGrid:query_end_points/createQueryEndPoints - [GET/app/:modelName]
2014-11-28T10:34:42.522Z - info: NodeGrid:query_services/handleQueryModelGet - Querying attempt data from given model (collection)
2014-11-28T10:34:42.523Z - info: ================================================================================================
2014-11-28T10:34:42.523Z - info: NodeGrid:token_master/validateAccessToken - No valid token records from given token
2014-11-28T10:34:42.523Z - info: NodeGrid:util/sendResponse - [404] error response sent
2014-11-28T10:34:42.524Z - info: NodeGrid:query_db_callings/getAllFromDB - [books] data successfully retrieved
2014-11-28T10:34:42.524Z - info: NodeGrid:util/sendResponse - [200] success response sent
2014-11-28T10:36:34.095Z - info: NodeGrid:app/ NodeGrid app started. Listen on port: 3000
2014-11-28T10:36:34.096Z - info: NodeGrid:util/createLoggerDir - Logs dir is exists
2014-11-28T10:45:11.050Z - info: NodeGrid:app/ NodeGrid app started. Listen on port: 3000
2014-11-28T10:45:11.052Z - info: NodeGrid:util/createLoggerDir - Logs dir is exists
2014-11-28T10:45:15.242Z - info: NodeGrid:query_end_points/createQueryEndPoints - [GET/app/:modelName]
2014-11-28T10:45:15.242Z - info: NodeGrid:query_services/handleQueryModelGet - Querying attempt data from given model (collection)
2014-11-28T10:45:15.261Z - info: NodeGrid:query_db_callings/getAllFromDB - [books] data successfully retrieved
2014-11-28T10:45:15.265Z - info: NodeGrid:util/sendResponse - [200] success response sent
2014-11-28T10:45:15.269Z - info: ================================================================================================
2014-11-28T10:45:15.269Z - info: NodeGrid:token_master/validateAccessToken - No valid token records from given token
2014-11-28T10:45:15.270Z - info: NodeGrid:util/sendResponse - [404] error response sent
2014-11-28T10:59:30.105Z - info: NodeGrid:app/ NodeGrid app started. Listen on port: 3000
2014-11-28T10:59:30.106Z - info: NodeGrid:util/createLoggerDir - Logs dir is exists
2014-11-28T11:41:30.893Z - info: NodeGrid:app/ NodeGrid app started. Listen on port: 3000
2014-11-28T11:41:30.894Z - info: NodeGrid:util/createLoggerDir - Logs dir is exists
2014-11-28T11:41:36.787Z - info: ================================================================================================
2014-11-28T11:41:36.788Z - info: NodeGrid:token_master/validateAccessToken - No valid token records from given token
2014-11-28T11:41:36.788Z - info: NodeGrid:util/sendResponse - [404] error response sent
2014-11-28T11:45:06.339Z - info: NodeGrid:app/ NodeGrid app started. Listen on port: 3000
2014-11-28T11:45:06.340Z - info: NodeGrid:util/createLoggerDir - Logs dir is exists
2014-11-28T12:00:00.083Z - info: NodeGrid:app/ NodeGrid app started. Listen on port: 3000
2014-11-28T12:00:00.084Z - info: NodeGrid:util/createLoggerDir - Logs dir is exists
2014-11-28T12:00:18.156Z - info: ================================================================================================
2014-11-28T12:00:18.156Z - info: NodeGrid:token_master/validateAccessToken - No valid token records from given token
2014-11-28T12:00:18.157Z - info: NodeGrid:util/sendResponse - [404] error response sent
2014-11-28T12:00:32.563Z - info: ================================================================================================
2014-11-28T12:00:32.563Z - info: NodeGrid:system_end_points/createSystemEndPoints - [GET/system/collections]
2014-11-28T12:00:32.563Z - info: NodeGrid:system_services/handleGetCollections - Get current system collection list
2014-11-28T12:00:38.231Z - info: ================================================================================================
2014-11-28T12:00:38.231Z - info: NodeGrid:system_end_points/createSystemEndPoints - [GET/system/status]
2014-11-28T12:00:38.231Z - info: NodeGrid:system_services/getSystemStatus - Get current system status
2014-11-28T12:06:41.867Z - info: NodeGrid:app/ NodeGrid app started. Listen on port: 3000
2014-11-28T12:06:41.868Z - info: NodeGrid:util/createLoggerDir - Logs dir is exists
2014-11-28T12:07:07.121Z - info: ================================================================================================
2014-11-28T12:07:07.121Z - info: NodeGrid:system_end_points/createSystemEndPoints - [GET/system/status]
2014-11-28T12:07:07.122Z - info: NodeGrid:system_services/getSystemStatus - Get current system status
2014-11-28T12:07:10.720Z - info: NodeGrid:query_end_points/createQueryEndPoints - [GET/app/:modelName]
2014-11-28T12:07:10.721Z - info: NodeGrid:query_services/handleQueryModelGet - Querying attempt data from given model (collection)
2014-11-28T12:07:10.733Z - info: NodeGrid:query_db_callings/getAllFromDB - [cars] data successfully retrieved
2014-11-28T12:07:10.736Z - info: NodeGrid:util/sendResponse - [200] success response sent
2014-11-28T12:16:13.081Z - info: NodeGrid:app/ NodeGrid app started. Listen on port: 3000
2014-11-28T12:16:13.082Z - info: NodeGrid:util/createLoggerDir - Logs dir is exists
2014-11-28T12:16:20.136Z - info: ================================================================================================
2014-11-28T12:16:20.136Z - info: NodeGrid:token_master/validateAccessToken - No valid token records from given token
2014-11-28T12:16:20.137Z - info: NodeGrid:util/sendResponse - [404] error response sent
2014-11-28T12:16:48.581Z - info: NodeGrid:app/ NodeGrid app started. Listen on port: 3000
2014-11-28T12:16:48.583Z - info: NodeGrid:util/createLoggerDir - Logs dir is exists
2014-11-28T12:16:51.676Z - info: NodeGrid:query_end_points/createQueryEndPoints - [GET/app/:modelName]
2014-11-28T12:16:51.677Z - info: NodeGrid:query_services/handleQueryModelGet - Querying attempt data from given model (collection)
2014-11-28T12:16:51.690Z - info: NodeGrid:query_db_callings/getAllFromDB - [cars] data successfully retrieved
2014-11-28T12:16:51.694Z - info: NodeGrid:util/sendResponse - [200] success response sent
2014-11-28T12:16:53.227Z - info: NodeGrid:query_end_points/createQueryEndPoints - [GET/app/:modelName]
2014-11-28T12:16:53.227Z - info: NodeGrid:query_services/handleQueryModelGet - Querying attempt data from given model (collection)
2014-11-28T12:16:53.229Z - info: NodeGrid:query_db_callings/getAllFromDB - [cars] data successfully retrieved
2014-11-28T12:16:53.230Z - info: NodeGrid:util/sendResponse - [200] success response sent
2014-11-28T12:20:40.125Z - info: NodeGrid:app/ NodeGrid app started. Listen on port: 3000
2014-11-28T12:20:40.127Z - info: NodeGrid:util/createLoggerDir - Logs dir is exists
2014-11-28T12:20:45.771Z - info: NodeGrid:query_end_points/createQueryEndPoints - [GET/app/:modelName]
2014-11-28T12:20:45.772Z - info: NodeGrid:query_services/handleQueryModelGet - Querying attempt data from given model (collection)
2014-11-28T12:20:45.788Z - info: NodeGrid:query_db_callings/getAllFromDB - [cars] data successfully retrieved
2014-11-28T12:20:45.792Z - info: NodeGrid:util/sendResponse - [200] success response sent
2014-11-28T12:21:14.897Z - info: NodeGrid:app/ NodeGrid app started. Listen on port: 3000
2014-11-28T12:21:14.898Z - info: NodeGrid:util/createLoggerDir - Logs dir is exists
2014-11-28T12:21:17.359Z - info: ================================================================================================
2014-11-28T12:21:17.359Z - info: NodeGrid:token_master/validateAccessToken - No valid token records from given token
2014-11-28T12:21:17.359Z - info: NodeGrid:util/sendResponse - [404] error response sent
